\BOOKMARK [0][-]{chapter*.1}{\376\377\060\157\060\130\060\201\060\153}{}% 1
\BOOKMARK [0][-]{chapter.1}{\376\377\116\343\145\160\166\204\145\164\145\160\212\326\060\150\060\157\377\037}{}% 2
\BOOKMARK [1][-]{section.1.1}{\376\377\116\343\145\160\166\204\145\164\145\160\212\326\060\156\170\024\172\166\133\376\214\141}{chapter.1}% 3
\BOOKMARK [1][-]{section.1.2}{\376\377\116\343\145\160\166\204\145\164\145\160\212\326\060\156\166\356\166\204}{chapter.1}% 4
\BOOKMARK [0][-]{chapter.2}{\376\377\116\343\145\160\117\123\060\156\145\164\145\160\164\260\060\156\122\325\152\137}{}% 5
\BOOKMARK [1][-]{section.2.1}{\376\377\000F\000e\000r\000m\000a\000t\060\156\147\000\175\102\133\232\164\006\377\010\000\040\000n\000=\0003\000\040\377\011\060\150\116\000\141\017\122\006\211\343\145\164\127\337}{chapter.2}% 6
\BOOKMARK [1][-]{section.2.2}{\376\377\000P\000e\000l\000l\145\271\172\013\137\017\060\150\123\130\121\103}{chapter.2}% 7
\BOOKMARK [1][-]{section.2.3}{\376\377\116\343\145\160\117\123\060\156\145\164\145\160\164\260\060\156\133\232\177\251\060\150\117\213}{chapter.2}% 8
\BOOKMARK [0][-]{chapter.3}{\376\377\060\244\060\307\060\242\060\353\060\150\000D\000e\000d\000e\000k\000i\000n\000d\164\260\060\156\122\325\152\137}{}% 9
\BOOKMARK [1][-]{section.3.1}{\376\377\000F\000e\000r\000m\000a\000t\060\156\147\000\175\102\133\232\164\006\377\010\000\040\000n\000=\0002\0003\000\040\377\011}{chapter.3}% 10
\BOOKMARK [1][-]{section.3.2}{\376\377\000K\000u\000m\000m\000e\000r\060\156\060\242\060\244\060\307\060\242\377\032\060\244\060\307\060\242\060\353\060\156\122\006\211\343\060\150\230\136\145\160}{chapter.3}% 11
\BOOKMARK [1][-]{section.3.3}{\376\377\000D\000e\000d\000e\000k\000i\000n\000d\164\260\060\156\060\123\060\123\060\215}{chapter.3}% 12
\BOOKMARK [1][-]{section.3.4}{\376\377\175\040\060\244\060\307\060\242\060\353\122\006\211\343\060\156\212\010\173\227\117\213}{chapter.3}% 13
\BOOKMARK [0][-]{chapter.4}{}{}% 14
\BOOKMARK [1][-]{section.4.1}{}{chapter.4}% 15
\BOOKMARK [1][-]{section.4.2}{}{chapter.4}% 16
\BOOKMARK [0][-]{chapter.5}{}{}% 17
\BOOKMARK [1][-]{section.5.1}{}{chapter.5}% 18
\BOOKMARK [1][-]{section.5.2}{}{chapter.5}% 19
\BOOKMARK [0][-]{chapter*.5}{\376\377\123\302\200\003\145\207\163\056}{}% 20
